
*** Running vivado
    with args -log swLEDcounter_wrapper.vds -m64 -product Vivado -mode batch -messageDb vivado.pb -notrace -source swLEDcounter_wrapper.tcl


ECHO is off.
ECHO is off.

****** Vivado v2023.2 (64-bit)
  **** SW Build 4029153 on Fri Oct 13 20:14:34 MDT 2023
  **** IP Build 4028589 on Sat Oct 14 00:45:43 MDT 2023
  **** SharedData Build 4025554 on Tue Oct 10 17:18:54 MDT 2023
    ** Copyright 1986-2022 Xilinx, Inc. All Rights Reserved.
    ** Copyright 2022-2023 Advanced Micro Devices, Inc. All Rights Reserved.

source swLEDcounter_wrapper.tcl -notrace
create_project: Time (s): cpu = 00:00:06 ; elapsed = 00:00:07 . Memory (MB): peak = 520.219 ; gain = 217.160
INFO: [IP_Flow 19-234] Refreshing IP repositories
INFO: [IP_Flow 19-1704] No user IP repositories specified
INFO: [IP_Flow 19-2313] Loaded Vivado IP repository 'C:/Xilinx/Vivado/2023.2/data/ip'.
Command: read_checkpoint -auto_incremental -incremental C:/Users/mkolb/Documents/Github/Basys3/project_1/project_1.srcs/utils_1/imports/synth_1/swLEDcounter_wrapper.dcp
INFO: [Vivado 12-5825] Read reference checkpoint from C:/Users/mkolb/Documents/Github/Basys3/project_1/project_1.srcs/utils_1/imports/synth_1/swLEDcounter_wrapper.dcp for incremental synthesis
INFO: [Vivado 12-7989] Please ensure there are no constraint changes
Command: synth_design -top swLEDcounter_wrapper -part xc7a35tcpg236-1
Starting synth_design
Attempting to get a license for feature 'Synthesis' and/or device 'xc7a35t'
INFO: [Common 17-349] Got license for feature 'Synthesis' and/or device 'xc7a35t'
INFO: [Device 21-403] Loading part xc7a35tcpg236-1
INFO: [Designutils 20-5440] No compile time benefit to using incremental synthesis; A full resynthesis will be run
INFO: [Designutils 20-4379] Flow is switching to default flow due to incremental criteria not met. If you would like to alter this behaviour and have the flow terminate instead, please set the following parameter config_implementation {autoIncr.Synth.RejectBehavior Terminate}
INFO: [Synth 8-7079] Multithreading enabled for synth_design using a maximum of 2 processes.
INFO: [Synth 8-7078] Launching helper process for spawning children vivado processes
INFO: [Synth 8-7075] Helper process launched with PID 27544
---------------------------------------------------------------------------------
Starting RTL Elaboration : Time (s): cpu = 00:00:06 ; elapsed = 00:00:06 . Memory (MB): peak = 1390.715 ; gain = 440.477
---------------------------------------------------------------------------------
INFO: [Synth 8-6157] synthesizing module 'swLEDcounter_wrapper' [c:/Users/mkolb/Documents/Github/Basys3/project_1/project_1.gen/sources_1/bd/swLEDcounter/hdl/swLEDcounter_wrapper.v:13]
INFO: [Synth 8-6157] synthesizing module 'swLEDcounter' [c:/Users/mkolb/Documents/Github/Basys3/project_1/project_1.gen/sources_1/bd/swLEDcounter/synth/swLEDcounter.v:659]
INFO: [Synth 8-6157] synthesizing module 'swLEDcounter_axi_gpio_0_2' [C:/Users/mkolb/Documents/Github/Basys3/project_1/project_1.runs/synth_1/.Xil/Vivado-31924-DESKTOP-S7KVEL9/realtime/swLEDcounter_axi_gpio_0_2_stub.v:6]
INFO: [Synth 8-6155] done synthesizing module 'swLEDcounter_axi_gpio_0_2' (0#1) [C:/Users/mkolb/Documents/Github/Basys3/project_1/project_1.runs/synth_1/.Xil/Vivado-31924-DESKTOP-S7KVEL9/realtime/swLEDcounter_axi_gpio_0_2_stub.v:6]
WARNING: [Synth 8-7071] port 'ip2intc_irpt' of module 'swLEDcounter_axi_gpio_0_2' is unconnected for instance 'axi_gpio_led' [c:/Users/mkolb/Documents/Github/Basys3/project_1/project_1.gen/sources_1/bd/swLEDcounter/synth/swLEDcounter.v:774]
WARNING: [Synth 8-7023] instance 'axi_gpio_led' of module 'swLEDcounter_axi_gpio_0_2' has 22 connections declared, but only 21 given [c:/Users/mkolb/Documents/Github/Basys3/project_1/project_1.gen/sources_1/bd/swLEDcounter/synth/swLEDcounter.v:774]
INFO: [Synth 8-6157] synthesizing module 'swLEDcounter_axi_gpio_0_3' [C:/Users/mkolb/Documents/Github/Basys3/project_1/project_1.runs/synth_1/.Xil/Vivado-31924-DESKTOP-S7KVEL9/realtime/swLEDcounter_axi_gpio_0_3_stub.v:6]
INFO: [Synth 8-6155] done synthesizing module 'swLEDcounter_axi_gpio_0_3' (0#1) [C:/Users/mkolb/Documents/Github/Basys3/project_1/project_1.runs/synth_1/.Xil/Vivado-31924-DESKTOP-S7KVEL9/realtime/swLEDcounter_axi_gpio_0_3_stub.v:6]
WARNING: [Synth 8-7071] port 'ip2intc_irpt' of module 'swLEDcounter_axi_gpio_0_3' is unconnected for instance 'axi_gpio_switch' [c:/Users/mkolb/Documents/Github/Basys3/project_1/project_1.gen/sources_1/bd/swLEDcounter/synth/swLEDcounter.v:796]
WARNING: [Synth 8-7023] instance 'axi_gpio_switch' of module 'swLEDcounter_axi_gpio_0_3' has 22 connections declared, but only 21 given [c:/Users/mkolb/Documents/Github/Basys3/project_1/project_1.gen/sources_1/bd/swLEDcounter/synth/swLEDcounter.v:796]
INFO: [Synth 8-6157] synthesizing module 'swLEDcounter_clk_wiz_0_0' [C:/Users/mkolb/Documents/Github/Basys3/project_1/project_1.runs/synth_1/.Xil/Vivado-31924-DESKTOP-S7KVEL9/realtime/swLEDcounter_clk_wiz_0_0_stub.v:6]
INFO: [Synth 8-6155] done synthesizing module 'swLEDcounter_clk_wiz_0_0' (0#1) [C:/Users/mkolb/Documents/Github/Basys3/project_1/project_1.runs/synth_1/.Xil/Vivado-31924-DESKTOP-S7KVEL9/realtime/swLEDcounter_clk_wiz_0_0_stub.v:6]
INFO: [Synth 8-6157] synthesizing module 'swLEDcounter_mdm_1_0' [C:/Users/mkolb/Documents/Github/Basys3/project_1/project_1.runs/synth_1/.Xil/Vivado-31924-DESKTOP-S7KVEL9/realtime/swLEDcounter_mdm_1_0_stub.v:6]
INFO: [Synth 8-6155] done synthesizing module 'swLEDcounter_mdm_1_0' (0#1) [C:/Users/mkolb/Documents/Github/Basys3/project_1/project_1.runs/synth_1/.Xil/Vivado-31924-DESKTOP-S7KVEL9/realtime/swLEDcounter_mdm_1_0_stub.v:6]
INFO: [Synth 8-6157] synthesizing module 'swLEDcounter_microblaze_0_0' [C:/Users/mkolb/Documents/Github/Basys3/project_1/project_1.runs/synth_1/.Xil/Vivado-31924-DESKTOP-S7KVEL9/realtime/swLEDcounter_microblaze_0_0_stub.v:6]
INFO: [Synth 8-6155] done synthesizing module 'swLEDcounter_microblaze_0_0' (0#1) [C:/Users/mkolb/Documents/Github/Basys3/project_1/project_1.runs/synth_1/.Xil/Vivado-31924-DESKTOP-S7KVEL9/realtime/swLEDcounter_microblaze_0_0_stub.v:6]
WARNING: [Synth 8-7071] port 'Interrupt_Ack' of module 'swLEDcounter_microblaze_0_0' is unconnected for instance 'microblaze_0' [c:/Users/mkolb/Documents/Github/Basys3/project_1/project_1.gen/sources_1/bd/swLEDcounter/synth/swLEDcounter.v:836]
WARNING: [Synth 8-7023] instance 'microblaze_0' of module 'swLEDcounter_microblaze_0_0' has 52 connections declared, but only 51 given [c:/Users/mkolb/Documents/Github/Basys3/project_1/project_1.gen/sources_1/bd/swLEDcounter/synth/swLEDcounter.v:836]
INFO: [Synth 8-6157] synthesizing module 'swLEDcounter_microblaze_0_axi_periph_1' [c:/Users/mkolb/Documents/Github/Basys3/project_1/project_1.gen/sources_1/bd/swLEDcounter/synth/swLEDcounter.v:983]
INFO: [Synth 8-6157] synthesizing module 'm00_couplers_imp_1F2NP8Z' [c:/Users/mkolb/Documents/Github/Basys3/project_1/project_1.gen/sources_1/bd/swLEDcounter/synth/swLEDcounter.v:13]
INFO: [Synth 8-6155] done synthesizing module 'm00_couplers_imp_1F2NP8Z' (0#1) [c:/Users/mkolb/Documents/Github/Basys3/project_1/project_1.gen/sources_1/bd/swLEDcounter/synth/swLEDcounter.v:13]
INFO: [Synth 8-6157] synthesizing module 'm01_couplers_imp_1CMBCCZ' [c:/Users/mkolb/Documents/Github/Basys3/project_1/project_1.gen/sources_1/bd/swLEDcounter/synth/swLEDcounter.v:145]
INFO: [Synth 8-6155] done synthesizing module 'm01_couplers_imp_1CMBCCZ' (0#1) [c:/Users/mkolb/Documents/Github/Basys3/project_1/project_1.gen/sources_1/bd/swLEDcounter/synth/swLEDcounter.v:145]
INFO: [Synth 8-6157] synthesizing module 's00_couplers_imp_19V0R40' [c:/Users/mkolb/Documents/Github/Basys3/project_1/project_1.gen/sources_1/bd/swLEDcounter/synth/swLEDcounter.v:513]
INFO: [Synth 8-6155] done synthesizing module 's00_couplers_imp_19V0R40' (0#1) [c:/Users/mkolb/Documents/Github/Basys3/project_1/project_1.gen/sources_1/bd/swLEDcounter/synth/swLEDcounter.v:513]
INFO: [Synth 8-6157] synthesizing module 'swLEDcounter_xbar_1' [C:/Users/mkolb/Documents/Github/Basys3/project_1/project_1.runs/synth_1/.Xil/Vivado-31924-DESKTOP-S7KVEL9/realtime/swLEDcounter_xbar_1_stub.v:6]
INFO: [Synth 8-6155] done synthesizing module 'swLEDcounter_xbar_1' (0#1) [C:/Users/mkolb/Documents/Github/Basys3/project_1/project_1.runs/synth_1/.Xil/Vivado-31924-DESKTOP-S7KVEL9/realtime/swLEDcounter_xbar_1_stub.v:6]
WARNING: [Synth 8-7071] port 'm_axi_awprot' of module 'swLEDcounter_xbar_1' is unconnected for instance 'xbar' [c:/Users/mkolb/Documents/Github/Basys3/project_1/project_1.gen/sources_1/bd/swLEDcounter/synth/swLEDcounter.v:1392]
WARNING: [Synth 8-7071] port 'm_axi_arprot' of module 'swLEDcounter_xbar_1' is unconnected for instance 'xbar' [c:/Users/mkolb/Documents/Github/Basys3/project_1/project_1.gen/sources_1/bd/swLEDcounter/synth/swLEDcounter.v:1392]
WARNING: [Synth 8-7023] instance 'xbar' of module 'swLEDcounter_xbar_1' has 40 connections declared, but only 38 given [c:/Users/mkolb/Documents/Github/Basys3/project_1/project_1.gen/sources_1/bd/swLEDcounter/synth/swLEDcounter.v:1392]
INFO: [Synth 8-6155] done synthesizing module 'swLEDcounter_microblaze_0_axi_periph_1' (0#1) [c:/Users/mkolb/Documents/Github/Basys3/project_1/project_1.gen/sources_1/bd/swLEDcounter/synth/swLEDcounter.v:983]
INFO: [Synth 8-6157] synthesizing module 'microblaze_0_local_memory_imp_KAOVLO' [c:/Users/mkolb/Documents/Github/Basys3/project_1/project_1.gen/sources_1/bd/swLEDcounter/synth/swLEDcounter.v:277]
INFO: [Synth 8-6157] synthesizing module 'swLEDcounter_dlmb_bram_if_cntlr_0' [C:/Users/mkolb/Documents/Github/Basys3/project_1/project_1.runs/synth_1/.Xil/Vivado-31924-DESKTOP-S7KVEL9/realtime/swLEDcounter_dlmb_bram_if_cntlr_0_stub.v:6]
INFO: [Synth 8-6155] done synthesizing module 'swLEDcounter_dlmb_bram_if_cntlr_0' (0#1) [C:/Users/mkolb/Documents/Github/Basys3/project_1/project_1.runs/synth_1/.Xil/Vivado-31924-DESKTOP-S7KVEL9/realtime/swLEDcounter_dlmb_bram_if_cntlr_0_stub.v:6]
INFO: [Synth 8-6157] synthesizing module 'swLEDcounter_dlmb_v10_0' [C:/Users/mkolb/Documents/Github/Basys3/project_1/project_1.runs/synth_1/.Xil/Vivado-31924-DESKTOP-S7KVEL9/realtime/swLEDcounter_dlmb_v10_0_stub.v:6]
INFO: [Synth 8-6155] done synthesizing module 'swLEDcounter_dlmb_v10_0' (0#1) [C:/Users/mkolb/Documents/Github/Basys3/project_1/project_1.runs/synth_1/.Xil/Vivado-31924-DESKTOP-S7KVEL9/realtime/swLEDcounter_dlmb_v10_0_stub.v:6]
WARNING: [Synth 8-7071] port 'LMB_Rst' of module 'swLEDcounter_dlmb_v10_0' is unconnected for instance 'dlmb_v10' [c:/Users/mkolb/Documents/Github/Basys3/project_1/project_1.gen/sources_1/bd/swLEDcounter/synth/swLEDcounter.v:423]
WARNING: [Synth 8-7023] instance 'dlmb_v10' of module 'swLEDcounter_dlmb_v10_0' has 25 connections declared, but only 24 given [c:/Users/mkolb/Documents/Github/Basys3/project_1/project_1.gen/sources_1/bd/swLEDcounter/synth/swLEDcounter.v:423]
INFO: [Synth 8-6157] synthesizing module 'swLEDcounter_ilmb_bram_if_cntlr_0' [C:/Users/mkolb/Documents/Github/Basys3/project_1/project_1.runs/synth_1/.Xil/Vivado-31924-DESKTOP-S7KVEL9/realtime/swLEDcounter_ilmb_bram_if_cntlr_0_stub.v:6]
INFO: [Synth 8-6155] done synthesizing module 'swLEDcounter_ilmb_bram_if_cntlr_0' (0#1) [C:/Users/mkolb/Documents/Github/Basys3/project_1/project_1.runs/synth_1/.Xil/Vivado-31924-DESKTOP-S7KVEL9/realtime/swLEDcounter_ilmb_bram_if_cntlr_0_stub.v:6]
INFO: [Synth 8-6157] synthesizing module 'swLEDcounter_ilmb_v10_0' [C:/Users/mkolb/Documents/Github/Basys3/project_1/project_1.runs/synth_1/.Xil/Vivado-31924-DESKTOP-S7KVEL9/realtime/swLEDcounter_ilmb_v10_0_stub.v:6]
INFO: [Synth 8-6155] done synthesizing module 'swLEDcounter_ilmb_v10_0' (0#1) [C:/Users/mkolb/Documents/Github/Basys3/project_1/project_1.runs/synth_1/.Xil/Vivado-31924-DESKTOP-S7KVEL9/realtime/swLEDcounter_ilmb_v10_0_stub.v:6]
WARNING: [Synth 8-7071] port 'LMB_Rst' of module 'swLEDcounter_ilmb_v10_0' is unconnected for instance 'ilmb_v10' [c:/Users/mkolb/Documents/Github/Basys3/project_1/project_1.gen/sources_1/bd/swLEDcounter/synth/swLEDcounter.v:471]
WARNING: [Synth 8-7023] instance 'ilmb_v10' of module 'swLEDcounter_ilmb_v10_0' has 25 connections declared, but only 24 given [c:/Users/mkolb/Documents/Github/Basys3/project_1/project_1.gen/sources_1/bd/swLEDcounter/synth/swLEDcounter.v:471]
INFO: [Synth 8-6157] synthesizing module 'swLEDcounter_lmb_bram_0' [C:/Users/mkolb/Documents/Github/Basys3/project_1/project_1.runs/synth_1/.Xil/Vivado-31924-DESKTOP-S7KVEL9/realtime/swLEDcounter_lmb_bram_0_stub.v:6]
INFO: [Synth 8-6155] done synthesizing module 'swLEDcounter_lmb_bram_0' (0#1) [C:/Users/mkolb/Documents/Github/Basys3/project_1/project_1.runs/synth_1/.Xil/Vivado-31924-DESKTOP-S7KVEL9/realtime/swLEDcounter_lmb_bram_0_stub.v:6]
WARNING: [Synth 8-7071] port 'rsta_busy' of module 'swLEDcounter_lmb_bram_0' is unconnected for instance 'lmb_bram' [c:/Users/mkolb/Documents/Github/Basys3/project_1/project_1.gen/sources_1/bd/swLEDcounter/synth/swLEDcounter.v:496]
WARNING: [Synth 8-7071] port 'rstb_busy' of module 'swLEDcounter_lmb_bram_0' is unconnected for instance 'lmb_bram' [c:/Users/mkolb/Documents/Github/Basys3/project_1/project_1.gen/sources_1/bd/swLEDcounter/synth/swLEDcounter.v:496]
WARNING: [Synth 8-7023] instance 'lmb_bram' of module 'swLEDcounter_lmb_bram_0' has 16 connections declared, but only 14 given [c:/Users/mkolb/Documents/Github/Basys3/project_1/project_1.gen/sources_1/bd/swLEDcounter/synth/swLEDcounter.v:496]
INFO: [Synth 8-6155] done synthesizing module 'microblaze_0_local_memory_imp_KAOVLO' (0#1) [c:/Users/mkolb/Documents/Github/Basys3/project_1/project_1.gen/sources_1/bd/swLEDcounter/synth/swLEDcounter.v:277]
INFO: [Synth 8-6157] synthesizing module 'swLEDcounter_rst_clk_wiz_0_100M_0' [C:/Users/mkolb/Documents/Github/Basys3/project_1/project_1.runs/synth_1/.Xil/Vivado-31924-DESKTOP-S7KVEL9/realtime/swLEDcounter_rst_clk_wiz_0_100M_0_stub.v:6]
INFO: [Synth 8-6155] done synthesizing module 'swLEDcounter_rst_clk_wiz_0_100M_0' (0#1) [C:/Users/mkolb/Documents/Github/Basys3/project_1/project_1.runs/synth_1/.Xil/Vivado-31924-DESKTOP-S7KVEL9/realtime/swLEDcounter_rst_clk_wiz_0_100M_0_stub.v:6]
WARNING: [Synth 8-7071] port 'peripheral_reset' of module 'swLEDcounter_rst_clk_wiz_0_100M_0' is unconnected for instance 'rst_clk_wiz_0_100M' [c:/Users/mkolb/Documents/Github/Basys3/project_1/project_1.gen/sources_1/bd/swLEDcounter/synth/swLEDcounter.v:972]
WARNING: [Synth 8-7071] port 'interconnect_aresetn' of module 'swLEDcounter_rst_clk_wiz_0_100M_0' is unconnected for instance 'rst_clk_wiz_0_100M' [c:/Users/mkolb/Documents/Github/Basys3/project_1/project_1.gen/sources_1/bd/swLEDcounter/synth/swLEDcounter.v:972]
WARNING: [Synth 8-7023] instance 'rst_clk_wiz_0_100M' of module 'swLEDcounter_rst_clk_wiz_0_100M_0' has 10 connections declared, but only 8 given [c:/Users/mkolb/Documents/Github/Basys3/project_1/project_1.gen/sources_1/bd/swLEDcounter/synth/swLEDcounter.v:972]
INFO: [Synth 8-6155] done synthesizing module 'swLEDcounter' (0#1) [c:/Users/mkolb/Documents/Github/Basys3/project_1/project_1.gen/sources_1/bd/swLEDcounter/synth/swLEDcounter.v:659]
INFO: [Synth 8-6155] done synthesizing module 'swLEDcounter_wrapper' (0#1) [c:/Users/mkolb/Documents/Github/Basys3/project_1/project_1.gen/sources_1/bd/swLEDcounter/hdl/swLEDcounter_wrapper.v:13]
WARNING: [Synth 8-7129] Port M_ACLK in module s00_couplers_imp_19V0R40 is either unconnected or has no load
WARNING: [Synth 8-7129] Port M_ARESETN in module s00_couplers_imp_19V0R40 is either unconnected or has no load
WARNING: [Synth 8-7129] Port S_ACLK in module s00_couplers_imp_19V0R40 is either unconnected or has no load
WARNING: [Synth 8-7129] Port S_ARESETN in module s00_couplers_imp_19V0R40 is either unconnected or has no load
WARNING: [Synth 8-7129] Port M_ACLK in module m01_couplers_imp_1CMBCCZ is either unconnected or has no load
WARNING: [Synth 8-7129] Port M_ARESETN in module m01_couplers_imp_1CMBCCZ is either unconnected or has no load
WARNING: [Synth 8-7129] Port S_ACLK in module m01_couplers_imp_1CMBCCZ is either unconnected or has no load
WARNING: [Synth 8-7129] Port S_ARESETN in module m01_couplers_imp_1CMBCCZ is either unconnected or has no load
WARNING: [Synth 8-7129] Port M_ACLK in module m00_couplers_imp_1F2NP8Z is either unconnected or has no load
WARNING: [Synth 8-7129] Port M_ARESETN in module m00_couplers_imp_1F2NP8Z is either unconnected or has no load
WARNING: [Synth 8-7129] Port S_ACLK in module m00_couplers_imp_1F2NP8Z is either unconnected or has no load
WARNING: [Synth 8-7129] Port S_ARESETN in module m00_couplers_imp_1F2NP8Z is either unconnected or has no load
WARNING: [Synth 8-7129] Port M00_ACLK in module swLEDcounter_microblaze_0_axi_periph_1 is either unconnected or has no load
WARNING: [Synth 8-7129] Port M00_ARESETN in module swLEDcounter_microblaze_0_axi_periph_1 is either unconnected or has no load
WARNING: [Synth 8-7129] Port M01_ACLK in module swLEDcounter_microblaze_0_axi_periph_1 is either unconnected or has no load
WARNING: [Synth 8-7129] Port M01_ARESETN in module swLEDcounter_microblaze_0_axi_periph_1 is either unconnected or has no load
WARNING: [Synth 8-7129] Port S00_ACLK in module swLEDcounter_microblaze_0_axi_periph_1 is either unconnected or has no load
WARNING: [Synth 8-7129] Port S00_ARESETN in module swLEDcounter_microblaze_0_axi_periph_1 is either unconnected or has no load
---------------------------------------------------------------------------------
Finished RTL Elaboration : Time (s): cpu = 00:00:08 ; elapsed = 00:00:08 . Memory (MB): peak = 1503.848 ; gain = 553.609
---------------------------------------------------------------------------------
---------------------------------------------------------------------------------
Start Handling Custom Attributes
---------------------------------------------------------------------------------
---------------------------------------------------------------------------------
Finished Handling Custom Attributes : Time (s): cpu = 00:00:08 ; elapsed = 00:00:08 . Memory (MB): peak = 1503.848 ; gain = 553.609
---------------------------------------------------------------------------------
---------------------------------------------------------------------------------
Finished RTL Optimization Phase 1 : Time (s): cpu = 00:00:08 ; elapsed = 00:00:08 . Memory (MB): peak = 1503.848 ; gain = 553.609
---------------------------------------------------------------------------------
Netlist sorting complete. Time (s): cpu = 00:00:00 ; elapsed = 00:00:00.033 . Memory (MB): peak = 1503.848 ; gain = 0.000
INFO: [Project 1-570] Preparing netlist for logic optimization

Processing XDC Constraints
Initializing timing engine
Parsing XDC File [c:/Users/mkolb/Documents/Github/Basys3/project_1/project_1.gen/sources_1/bd/swLEDcounter/ip/swLEDcounter_clk_wiz_0_0/swLEDcounter_clk_wiz_0_0/swLEDcounter_clk_wiz_0_0_in_context.xdc] for cell 'swLEDcounter_i/clk_wiz_0'
Finished Parsing XDC File [c:/Users/mkolb/Documents/Github/Basys3/project_1/project_1.gen/sources_1/bd/swLEDcounter/ip/swLEDcounter_clk_wiz_0_0/swLEDcounter_clk_wiz_0_0/swLEDcounter_clk_wiz_0_0_in_context.xdc] for cell 'swLEDcounter_i/clk_wiz_0'
Parsing XDC File [c:/Users/mkolb/Documents/Github/Basys3/project_1/project_1.gen/sources_1/bd/swLEDcounter/ip/swLEDcounter_microblaze_0_0/swLEDcounter_microblaze_0_0/swLEDcounter_microblaze_0_0_in_context.xdc] for cell 'swLEDcounter_i/microblaze_0'
Finished Parsing XDC File [c:/Users/mkolb/Documents/Github/Basys3/project_1/project_1.gen/sources_1/bd/swLEDcounter/ip/swLEDcounter_microblaze_0_0/swLEDcounter_microblaze_0_0/swLEDcounter_microblaze_0_0_in_context.xdc] for cell 'swLEDcounter_i/microblaze_0'
Parsing XDC File [c:/Users/mkolb/Documents/Github/Basys3/project_1/project_1.gen/sources_1/bd/swLEDcounter/ip/swLEDcounter_dlmb_v10_0/swLEDcounter_dlmb_v10_0/swLEDcounter_ilmb_v10_0_in_context.xdc] for cell 'swLEDcounter_i/microblaze_0_local_memory/dlmb_v10'
Finished Parsing XDC File [c:/Users/mkolb/Documents/Github/Basys3/project_1/project_1.gen/sources_1/bd/swLEDcounter/ip/swLEDcounter_dlmb_v10_0/swLEDcounter_dlmb_v10_0/swLEDcounter_ilmb_v10_0_in_context.xdc] for cell 'swLEDcounter_i/microblaze_0_local_memory/dlmb_v10'
Parsing XDC File [c:/Users/mkolb/Documents/Github/Basys3/project_1/project_1.gen/sources_1/bd/swLEDcounter/ip/swLEDcounter_ilmb_v10_0/swLEDcounter_ilmb_v10_0/swLEDcounter_ilmb_v10_0_in_context.xdc] for cell 'swLEDcounter_i/microblaze_0_local_memory/ilmb_v10'
Finished Parsing XDC File [c:/Users/mkolb/Documents/Github/Basys3/project_1/project_1.gen/sources_1/bd/swLEDcounter/ip/swLEDcounter_ilmb_v10_0/swLEDcounter_ilmb_v10_0/swLEDcounter_ilmb_v10_0_in_context.xdc] for cell 'swLEDcounter_i/microblaze_0_local_memory/ilmb_v10'
Parsing XDC File [c:/Users/mkolb/Documents/Github/Basys3/project_1/project_1.gen/sources_1/bd/swLEDcounter/ip/swLEDcounter_dlmb_bram_if_cntlr_0/swLEDcounter_dlmb_bram_if_cntlr_0/swLEDcounter_dlmb_bram_if_cntlr_0_in_context.xdc] for cell 'swLEDcounter_i/microblaze_0_local_memory/dlmb_bram_if_cntlr'
Finished Parsing XDC File [c:/Users/mkolb/Documents/Github/Basys3/project_1/project_1.gen/sources_1/bd/swLEDcounter/ip/swLEDcounter_dlmb_bram_if_cntlr_0/swLEDcounter_dlmb_bram_if_cntlr_0/swLEDcounter_dlmb_bram_if_cntlr_0_in_context.xdc] for cell 'swLEDcounter_i/microblaze_0_local_memory/dlmb_bram_if_cntlr'
Parsing XDC File [c:/Users/mkolb/Documents/Github/Basys3/project_1/project_1.gen/sources_1/bd/swLEDcounter/ip/swLEDcounter_ilmb_bram_if_cntlr_0/swLEDcounter_ilmb_bram_if_cntlr_0/swLEDcounter_ilmb_bram_if_cntlr_0_in_context.xdc] for cell 'swLEDcounter_i/microblaze_0_local_memory/ilmb_bram_if_cntlr'
Finished Parsing XDC File [c:/Users/mkolb/Documents/Github/Basys3/project_1/project_1.gen/sources_1/bd/swLEDcounter/ip/swLEDcounter_ilmb_bram_if_cntlr_0/swLEDcounter_ilmb_bram_if_cntlr_0/swLEDcounter_ilmb_bram_if_cntlr_0_in_context.xdc] for cell 'swLEDcounter_i/microblaze_0_local_memory/ilmb_bram_if_cntlr'
Parsing XDC File [c:/Users/mkolb/Documents/Github/Basys3/project_1/project_1.gen/sources_1/bd/swLEDcounter/ip/swLEDcounter_lmb_bram_0/swLEDcounter_lmb_bram_0/swLEDcounter_lmb_bram_0_in_context.xdc] for cell 'swLEDcounter_i/microblaze_0_local_memory/lmb_bram'
Finished Parsing XDC File [c:/Users/mkolb/Documents/Github/Basys3/project_1/project_1.gen/sources_1/bd/swLEDcounter/ip/swLEDcounter_lmb_bram_0/swLEDcounter_lmb_bram_0/swLEDcounter_lmb_bram_0_in_context.xdc] for cell 'swLEDcounter_i/microblaze_0_local_memory/lmb_bram'
Parsing XDC File [c:/Users/mkolb/Documents/Github/Basys3/project_1/project_1.gen/sources_1/bd/swLEDcounter/ip/swLEDcounter_mdm_1_0/swLEDcounter_mdm_1_0/swLEDcounter_mdm_1_0_in_context.xdc] for cell 'swLEDcounter_i/mdm_1'
Finished Parsing XDC File [c:/Users/mkolb/Documents/Github/Basys3/project_1/project_1.gen/sources_1/bd/swLEDcounter/ip/swLEDcounter_mdm_1_0/swLEDcounter_mdm_1_0/swLEDcounter_mdm_1_0_in_context.xdc] for cell 'swLEDcounter_i/mdm_1'
Parsing XDC File [c:/Users/mkolb/Documents/Github/Basys3/project_1/project_1.gen/sources_1/bd/swLEDcounter/ip/swLEDcounter_rst_clk_wiz_0_100M_0/swLEDcounter_rst_clk_wiz_0_100M_0/swLEDcounter_rst_clk_wiz_0_100M_0_in_context.xdc] for cell 'swLEDcounter_i/rst_clk_wiz_0_100M'
Finished Parsing XDC File [c:/Users/mkolb/Documents/Github/Basys3/project_1/project_1.gen/sources_1/bd/swLEDcounter/ip/swLEDcounter_rst_clk_wiz_0_100M_0/swLEDcounter_rst_clk_wiz_0_100M_0/swLEDcounter_rst_clk_wiz_0_100M_0_in_context.xdc] for cell 'swLEDcounter_i/rst_clk_wiz_0_100M'
Parsing XDC File [c:/Users/mkolb/Documents/Github/Basys3/project_1/project_1.gen/sources_1/bd/swLEDcounter/ip/swLEDcounter_axi_gpio_0_2/swLEDcounter_axi_gpio_0_2/swLEDcounter_axi_gpio_0_2_in_context.xdc] for cell 'swLEDcounter_i/axi_gpio_led'
Finished Parsing XDC File [c:/Users/mkolb/Documents/Github/Basys3/project_1/project_1.gen/sources_1/bd/swLEDcounter/ip/swLEDcounter_axi_gpio_0_2/swLEDcounter_axi_gpio_0_2/swLEDcounter_axi_gpio_0_2_in_context.xdc] for cell 'swLEDcounter_i/axi_gpio_led'
Parsing XDC File [c:/Users/mkolb/Documents/Github/Basys3/project_1/project_1.gen/sources_1/bd/swLEDcounter/ip/swLEDcounter_axi_gpio_0_3/swLEDcounter_axi_gpio_0_3/swLEDcounter_axi_gpio_0_3_in_context.xdc] for cell 'swLEDcounter_i/axi_gpio_switch'
Finished Parsing XDC File [c:/Users/mkolb/Documents/Github/Basys3/project_1/project_1.gen/sources_1/bd/swLEDcounter/ip/swLEDcounter_axi_gpio_0_3/swLEDcounter_axi_gpio_0_3/swLEDcounter_axi_gpio_0_3_in_context.xdc] for cell 'swLEDcounter_i/axi_gpio_switch'
Parsing XDC File [c:/Users/mkolb/Documents/Github/Basys3/project_1/project_1.gen/sources_1/bd/swLEDcounter/ip/swLEDcounter_xbar_1/swLEDcounter_xbar_1/swLEDcounter_xbar_0_in_context.xdc] for cell 'swLEDcounter_i/microblaze_0_axi_periph/xbar'
Finished Parsing XDC File [c:/Users/mkolb/Documents/Github/Basys3/project_1/project_1.gen/sources_1/bd/swLEDcounter/ip/swLEDcounter_xbar_1/swLEDcounter_xbar_1/swLEDcounter_xbar_0_in_context.xdc] for cell 'swLEDcounter_i/microblaze_0_axi_periph/xbar'
Parsing XDC File [C:/Users/mkolb/Documents/Github/Basys3/project_1/project_1.srcs/constrs_1/imports/digilent-xdc-master/Basys-3-Master.xdc]
CRITICAL WARNING: [Common 17-161] Invalid option value '##{sw[0]}]' specified for 'objects'. [C:/Users/mkolb/Documents/Github/Basys3/project_1/project_1.srcs/constrs_1/imports/digilent-xdc-master/Basys-3-Master.xdc:12]
CRITICAL WARNING: [Common 17-161] Invalid option value '##{sw[1]}]' specified for 'objects'. [C:/Users/mkolb/Documents/Github/Basys3/project_1/project_1.srcs/constrs_1/imports/digilent-xdc-master/Basys-3-Master.xdc:13]
CRITICAL WARNING: [Common 17-161] Invalid option value '##{sw[2]}]' specified for 'objects'. [C:/Users/mkolb/Documents/Github/Basys3/project_1/project_1.srcs/constrs_1/imports/digilent-xdc-master/Basys-3-Master.xdc:14]
CRITICAL WARNING: [Common 17-161] Invalid option value '##{sw[3]}]' specified for 'objects'. [C:/Users/mkolb/Documents/Github/Basys3/project_1/project_1.srcs/constrs_1/imports/digilent-xdc-master/Basys-3-Master.xdc:15]
CRITICAL WARNING: [Common 17-161] Invalid option value '##{sw[4]}]' specified for 'objects'. [C:/Users/mkolb/Documents/Github/Basys3/project_1/project_1.srcs/constrs_1/imports/digilent-xdc-master/Basys-3-Master.xdc:16]
CRITICAL WARNING: [Common 17-161] Invalid option value '##{sw[5]}]' specified for 'objects'. [C:/Users/mkolb/Documents/Github/Basys3/project_1/project_1.srcs/constrs_1/imports/digilent-xdc-master/Basys-3-Master.xdc:17]
CRITICAL WARNING: [Common 17-161] Invalid option value '##{sw[6]}]' specified for 'objects'. [C:/Users/mkolb/Documents/Github/Basys3/project_1/project_1.srcs/constrs_1/imports/digilent-xdc-master/Basys-3-Master.xdc:18]
CRITICAL WARNING: [Common 17-161] Invalid option value '##{sw[7]}]' specified for 'objects'. [C:/Users/mkolb/Documents/Github/Basys3/project_1/project_1.srcs/constrs_1/imports/digilent-xdc-master/Basys-3-Master.xdc:19]
CRITICAL WARNING: [Common 17-161] Invalid option value '##{sw[8]}]' specified for 'objects'. [C:/Users/mkolb/Documents/Github/Basys3/project_1/project_1.srcs/constrs_1/imports/digilent-xdc-master/Basys-3-Master.xdc:20]
CRITICAL WARNING: [Common 17-161] Invalid option value '##{sw[9]}]' specified for 'objects'. [C:/Users/mkolb/Documents/Github/Basys3/project_1/project_1.srcs/constrs_1/imports/digilent-xdc-master/Basys-3-Master.xdc:21]
CRITICAL WARNING: [Common 17-161] Invalid option value '##{sw[10]}]' specified for 'objects'. [C:/Users/mkolb/Documents/Github/Basys3/project_1/project_1.srcs/constrs_1/imports/digilent-xdc-master/Basys-3-Master.xdc:22]
CRITICAL WARNING: [Common 17-161] Invalid option value '##{sw[11]}]' specified for 'objects'. [C:/Users/mkolb/Documents/Github/Basys3/project_1/project_1.srcs/constrs_1/imports/digilent-xdc-master/Basys-3-Master.xdc:23]
CRITICAL WARNING: [Common 17-161] Invalid option value '##{sw[12]}]' specified for 'objects'. [C:/Users/mkolb/Documents/Github/Basys3/project_1/project_1.srcs/constrs_1/imports/digilent-xdc-master/Basys-3-Master.xdc:24]
CRITICAL WARNING: [Common 17-161] Invalid option value '##{sw[13]}]' specified for 'objects'. [C:/Users/mkolb/Documents/Github/Basys3/project_1/project_1.srcs/constrs_1/imports/digilent-xdc-master/Basys-3-Master.xdc:25]
CRITICAL WARNING: [Common 17-161] Invalid option value '##{sw[14]}]' specified for 'objects'. [C:/Users/mkolb/Documents/Github/Basys3/project_1/project_1.srcs/constrs_1/imports/digilent-xdc-master/Basys-3-Master.xdc:26]
CRITICAL WARNING: [Common 17-161] Invalid option value '##{sw[15]}]' specified for 'objects'. [C:/Users/mkolb/Documents/Github/Basys3/project_1/project_1.srcs/constrs_1/imports/digilent-xdc-master/Basys-3-Master.xdc:27]
CRITICAL WARNING: [Common 17-161] Invalid option value '##{led[0]}]' specified for 'objects'. [C:/Users/mkolb/Documents/Github/Basys3/project_1/project_1.srcs/constrs_1/imports/digilent-xdc-master/Basys-3-Master.xdc:31]
CRITICAL WARNING: [Common 17-161] Invalid option value '##{led[1]}]' specified for 'objects'. [C:/Users/mkolb/Documents/Github/Basys3/project_1/project_1.srcs/constrs_1/imports/digilent-xdc-master/Basys-3-Master.xdc:32]
CRITICAL WARNING: [Common 17-161] Invalid option value '##{led[2]}]' specified for 'objects'. [C:/Users/mkolb/Documents/Github/Basys3/project_1/project_1.srcs/constrs_1/imports/digilent-xdc-master/Basys-3-Master.xdc:33]
CRITICAL WARNING: [Common 17-161] Invalid option value '##{led[3]}]' specified for 'objects'. [C:/Users/mkolb/Documents/Github/Basys3/project_1/project_1.srcs/constrs_1/imports/digilent-xdc-master/Basys-3-Master.xdc:34]
CRITICAL WARNING: [Common 17-161] Invalid option value '##{led[4]}]' specified for 'objects'. [C:/Users/mkolb/Documents/Github/Basys3/project_1/project_1.srcs/constrs_1/imports/digilent-xdc-master/Basys-3-Master.xdc:35]
CRITICAL WARNING: [Common 17-161] Invalid option value '##{led[5]}]' specified for 'objects'. [C:/Users/mkolb/Documents/Github/Basys3/project_1/project_1.srcs/constrs_1/imports/digilent-xdc-master/Basys-3-Master.xdc:36]
CRITICAL WARNING: [Common 17-161] Invalid option value '##{led[6]}]' specified for 'objects'. [C:/Users/mkolb/Documents/Github/Basys3/project_1/project_1.srcs/constrs_1/imports/digilent-xdc-master/Basys-3-Master.xdc:37]
CRITICAL WARNING: [Common 17-161] Invalid option value '##{led[7]}]' specified for 'objects'. [C:/Users/mkolb/Documents/Github/Basys3/project_1/project_1.srcs/constrs_1/imports/digilent-xdc-master/Basys-3-Master.xdc:38]
CRITICAL WARNING: [Common 17-161] Invalid option value '##{led[8]}]' specified for 'objects'. [C:/Users/mkolb/Documents/Github/Basys3/project_1/project_1.srcs/constrs_1/imports/digilent-xdc-master/Basys-3-Master.xdc:39]
CRITICAL WARNING: [Common 17-161] Invalid option value '##{led[9]}]' specified for 'objects'. [C:/Users/mkolb/Documents/Github/Basys3/project_1/project_1.srcs/constrs_1/imports/digilent-xdc-master/Basys-3-Master.xdc:40]
CRITICAL WARNING: [Common 17-161] Invalid option value '##{led[10]}]' specified for 'objects'. [C:/Users/mkolb/Documents/Github/Basys3/project_1/project_1.srcs/constrs_1/imports/digilent-xdc-master/Basys-3-Master.xdc:41]
CRITICAL WARNING: [Common 17-161] Invalid option value '##{led[11]}]' specified for 'objects'. [C:/Users/mkolb/Documents/Github/Basys3/project_1/project_1.srcs/constrs_1/imports/digilent-xdc-master/Basys-3-Master.xdc:42]
CRITICAL WARNING: [Common 17-161] Invalid option value '##{led[12]}]' specified for 'objects'. [C:/Users/mkolb/Documents/Github/Basys3/project_1/project_1.srcs/constrs_1/imports/digilent-xdc-master/Basys-3-Master.xdc:43]
CRITICAL WARNING: [Common 17-161] Invalid option value '##{led[13]}]' specified for 'objects'. [C:/Users/mkolb/Documents/Github/Basys3/project_1/project_1.srcs/constrs_1/imports/digilent-xdc-master/Basys-3-Master.xdc:44]
CRITICAL WARNING: [Common 17-161] Invalid option value '##{led[14]}]' specified for 'objects'. [C:/Users/mkolb/Documents/Github/Basys3/project_1/project_1.srcs/constrs_1/imports/digilent-xdc-master/Basys-3-Master.xdc:45]
CRITICAL WARNING: [Common 17-161] Invalid option value '##{led[15]}]' specified for 'objects'. [C:/Users/mkolb/Documents/Github/Basys3/project_1/project_1.srcs/constrs_1/imports/digilent-xdc-master/Basys-3-Master.xdc:46]
CRITICAL WARNING: [Common 17-161] Invalid option value '##{seg[0]}]' specified for 'objects'. [C:/Users/mkolb/Documents/Github/Basys3/project_1/project_1.srcs/constrs_1/imports/digilent-xdc-master/Basys-3-Master.xdc:50]
CRITICAL WARNING: [Common 17-161] Invalid option value '##{seg[1]}]' specified for 'objects'. [C:/Users/mkolb/Documents/Github/Basys3/project_1/project_1.srcs/constrs_1/imports/digilent-xdc-master/Basys-3-Master.xdc:51]
CRITICAL WARNING: [Common 17-161] Invalid option value '##{seg[2]}]' specified for 'objects'. [C:/Users/mkolb/Documents/Github/Basys3/project_1/project_1.srcs/constrs_1/imports/digilent-xdc-master/Basys-3-Master.xdc:52]
CRITICAL WARNING: [Common 17-161] Invalid option value '##{seg[3]}]' specified for 'objects'. [C:/Users/mkolb/Documents/Github/Basys3/project_1/project_1.srcs/constrs_1/imports/digilent-xdc-master/Basys-3-Master.xdc:53]
CRITICAL WARNING: [Common 17-161] Invalid option value '##{seg[4]}]' specified for 'objects'. [C:/Users/mkolb/Documents/Github/Basys3/project_1/project_1.srcs/constrs_1/imports/digilent-xdc-master/Basys-3-Master.xdc:54]
CRITICAL WARNING: [Common 17-161] Invalid option value '##{seg[5]}]' specified for 'objects'. [C:/Users/mkolb/Documents/Github/Basys3/project_1/project_1.srcs/constrs_1/imports/digilent-xdc-master/Basys-3-Master.xdc:55]
CRITICAL WARNING: [Common 17-161] Invalid option value '##{seg[6]}]' specified for 'objects'. [C:/Users/mkolb/Documents/Github/Basys3/project_1/project_1.srcs/constrs_1/imports/digilent-xdc-master/Basys-3-Master.xdc:56]
CRITICAL WARNING: [Common 17-161] Invalid option value '##{an[0]}]' specified for 'objects'. [C:/Users/mkolb/Documents/Github/Basys3/project_1/project_1.srcs/constrs_1/imports/digilent-xdc-master/Basys-3-Master.xdc:60]
CRITICAL WARNING: [Common 17-161] Invalid option value '##{an[1]}]' specified for 'objects'. [C:/Users/mkolb/Documents/Github/Basys3/project_1/project_1.srcs/constrs_1/imports/digilent-xdc-master/Basys-3-Master.xdc:61]
CRITICAL WARNING: [Common 17-161] Invalid option value '##{an[2]}]' specified for 'objects'. [C:/Users/mkolb/Documents/Github/Basys3/project_1/project_1.srcs/constrs_1/imports/digilent-xdc-master/Basys-3-Master.xdc:62]
CRITICAL WARNING: [Common 17-161] Invalid option value '##{an[3]}]' specified for 'objects'. [C:/Users/mkolb/Documents/Github/Basys3/project_1/project_1.srcs/constrs_1/imports/digilent-xdc-master/Basys-3-Master.xdc:63]
Finished Parsing XDC File [C:/Users/mkolb/Documents/Github/Basys3/project_1/project_1.srcs/constrs_1/imports/digilent-xdc-master/Basys-3-Master.xdc]
Parsing XDC File [C:/Users/mkolb/Documents/Github/Basys3/project_1/project_1.runs/synth_1/dont_touch.xdc]
Finished Parsing XDC File [C:/Users/mkolb/Documents/Github/Basys3/project_1/project_1.runs/synth_1/dont_touch.xdc]
Completed Processing XDC Constraints

Netlist sorting complete. Time (s): cpu = 00:00:00 ; elapsed = 00:00:00 . Memory (MB): peak = 1528.039 ; gain = 0.000
INFO: [Project 1-111] Unisim Transformation Summary:
No Unisim elements were transformed.

The system cannot find the path specified.
Constraint Validation Runtime : Time (s): cpu = 00:00:00 ; elapsed = 00:00:00.006 . Memory (MB): peak = 1528.039 ; gain = 0.000
WARNING: [Timing 38-316] Clock period '20.000' specified during out-of-context synthesis of instance 'swLEDcounter_i/microblaze_0_local_memory/lmb_bram' at clock pin 'clka' is different from the actual clock period '10.000', this can lead to different synthesis results.
INFO: [Designutils 20-5440] No compile time benefit to using incremental synthesis; A full resynthesis will be run
INFO: [Designutils 20-4379] Flow is switching to default flow due to incremental criteria not met. If you would like to alter this behaviour and have the flow terminate instead, please set the following parameter config_implementation {autoIncr.Synth.RejectBehavior Terminate}
---------------------------------------------------------------------------------
Finished Constraint Validation : Time (s): cpu = 00:00:17 ; elapsed = 00:00:17 . Memory (MB): peak = 1528.039 ; gain = 577.801
---------------------------------------------------------------------------------
---------------------------------------------------------------------------------
Start Loading Part and Timing Information
---------------------------------------------------------------------------------
Loading part: xc7a35tcpg236-1
---------------------------------------------------------------------------------
Finished Loading Part and Timing Information : Time (s): cpu = 00:00:17 ; elapsed = 00:00:17 . Memory (MB): peak = 1528.039 ; gain = 577.801
---------------------------------------------------------------------------------
---------------------------------------------------------------------------------
Start Applying 'set_property' XDC Constraints
---------------------------------------------------------------------------------
Applied set_property IO_BUFFER_TYPE = NONE for sys_clock. (constraint file  c:/Users/mkolb/Documents/Github/Basys3/project_1/project_1.gen/sources_1/bd/swLEDcounter/ip/swLEDcounter_clk_wiz_0_0/swLEDcounter_clk_wiz_0_0/swLEDcounter_clk_wiz_0_0_in_context.xdc, line 3).
Applied set_property CLOCK_BUFFER_TYPE = NONE for sys_clock. (constraint file  c:/Users/mkolb/Documents/Github/Basys3/project_1/project_1.gen/sources_1/bd/swLEDcounter/ip/swLEDcounter_clk_wiz_0_0/swLEDcounter_clk_wiz_0_0/swLEDcounter_clk_wiz_0_0_in_context.xdc, line 4).
Applied set_property KEEP_HIERARCHY = SOFT for swLEDcounter_i. (constraint file  auto generated constraint).
Applied set_property KEEP_HIERARCHY = SOFT for swLEDcounter_i/clk_wiz_0. (constraint file  auto generated constraint).
Applied set_property KEEP_HIERARCHY = SOFT for swLEDcounter_i/microblaze_0. (constraint file  auto generated constraint).
Applied set_property KEEP_HIERARCHY = SOFT for swLEDcounter_i/microblaze_0_local_memory/dlmb_v10. (constraint file  auto generated constraint).
Applied set_property KEEP_HIERARCHY = SOFT for swLEDcounter_i/microblaze_0_local_memory/ilmb_v10. (constraint file  auto generated constraint).
Applied set_property KEEP_HIERARCHY = SOFT for swLEDcounter_i/microblaze_0_local_memory/dlmb_bram_if_cntlr. (constraint file  auto generated constraint).
Applied set_property KEEP_HIERARCHY = SOFT for swLEDcounter_i/microblaze_0_local_memory/ilmb_bram_if_cntlr. (constraint file  auto generated constraint).
Applied set_property KEEP_HIERARCHY = SOFT for swLEDcounter_i/microblaze_0_local_memory/lmb_bram. (constraint file  auto generated constraint).
Applied set_property KEEP_HIERARCHY = SOFT for swLEDcounter_i/mdm_1. (constraint file  auto generated constraint).
Applied set_property KEEP_HIERARCHY = SOFT for swLEDcounter_i/rst_clk_wiz_0_100M. (constraint file  auto generated constraint).
Applied set_property KEEP_HIERARCHY = SOFT for swLEDcounter_i/axi_gpio_led. (constraint file  auto generated constraint).
Applied set_property KEEP_HIERARCHY = SOFT for swLEDcounter_i/axi_gpio_switch. (constraint file  auto generated constraint).
Applied set_property KEEP_HIERARCHY = SOFT for swLEDcounter_i/microblaze_0_axi_periph/xbar. (constraint file  auto generated constraint).
Applied set_property KEEP_HIERARCHY = SOFT for swLEDcounter_i/microblaze_0_axi_periph. (constraint file  auto generated constraint).
---------------------------------------------------------------------------------
Finished applying 'set_property' XDC Constraints : Time (s): cpu = 00:00:17 ; elapsed = 00:00:17 . Memory (MB): peak = 1528.039 ; gain = 577.801
---------------------------------------------------------------------------------
---------------------------------------------------------------------------------
Finished RTL Optimization Phase 2 : Time (s): cpu = 00:00:17 ; elapsed = 00:00:17 . Memory (MB): peak = 1528.039 ; gain = 577.801
---------------------------------------------------------------------------------
---------------------------------------------------------------------------------
Start RTL Component Statistics 
---------------------------------------------------------------------------------
Detailed RTL Component Info : 
---------------------------------------------------------------------------------
Finished RTL Component Statistics 
---------------------------------------------------------------------------------
---------------------------------------------------------------------------------
Start Part Resource Summary
---------------------------------------------------------------------------------
Part Resources:
DSPs: 90 (col length:60)
BRAMs: 100 (col length: RAMB18 60 RAMB36 30)
---------------------------------------------------------------------------------
Finished Part Resource Summary
---------------------------------------------------------------------------------
---------------------------------------------------------------------------------
Start Cross Boundary and Area Optimization
---------------------------------------------------------------------------------
WARNING: [Synth 8-7080] Parallel synthesis criteria is not met
WARNING: [Synth 8-7129] Port M00_ACLK in module swLEDcounter_microblaze_0_axi_periph_1 is either unconnected or has no load
WARNING: [Synth 8-7129] Port M00_ARESETN in module swLEDcounter_microblaze_0_axi_periph_1 is either unconnected or has no load
WARNING: [Synth 8-7129] Port M01_ACLK in module swLEDcounter_microblaze_0_axi_periph_1 is either unconnected or has no load
WARNING: [Synth 8-7129] Port M01_ARESETN in module swLEDcounter_microblaze_0_axi_periph_1 is either unconnected or has no load
WARNING: [Synth 8-7129] Port S00_ACLK in module swLEDcounter_microblaze_0_axi_periph_1 is either unconnected or has no load
WARNING: [Synth 8-7129] Port S00_ARESETN in module swLEDcounter_microblaze_0_axi_periph_1 is either unconnected or has no load
---------------------------------------------------------------------------------
Finished Cross Boundary and Area Optimization : Time (s): cpu = 00:00:19 ; elapsed = 00:00:20 . Memory (MB): peak = 1528.039 ; gain = 577.801
---------------------------------------------------------------------------------
---------------------------------------------------------------------------------
Start Applying XDC Timing Constraints
---------------------------------------------------------------------------------
---------------------------------------------------------------------------------
Finished Applying XDC Timing Constraints : Time (s): cpu = 00:00:24 ; elapsed = 00:00:25 . Memory (MB): peak = 1528.039 ; gain = 577.801
---------------------------------------------------------------------------------
---------------------------------------------------------------------------------
Start Timing Optimization
---------------------------------------------------------------------------------
---------------------------------------------------------------------------------
Finished Timing Optimization : Time (s): cpu = 00:00:24 ; elapsed = 00:00:25 . Memory (MB): peak = 1528.039 ; gain = 577.801
---------------------------------------------------------------------------------
---------------------------------------------------------------------------------
Start Technology Mapping
---------------------------------------------------------------------------------
---------------------------------------------------------------------------------
Finished Technology Mapping : Time (s): cpu = 00:00:24 ; elapsed = 00:00:25 . Memory (MB): peak = 1528.039 ; gain = 577.801
---------------------------------------------------------------------------------
---------------------------------------------------------------------------------
Start IO Insertion
---------------------------------------------------------------------------------
---------------------------------------------------------------------------------
Start Flattening Before IO Insertion
---------------------------------------------------------------------------------
---------------------------------------------------------------------------------
Finished Flattening Before IO Insertion
---------------------------------------------------------------------------------
---------------------------------------------------------------------------------
Start Final Netlist Cleanup
---------------------------------------------------------------------------------
---------------------------------------------------------------------------------
Finished Final Netlist Cleanup
---------------------------------------------------------------------------------
---------------------------------------------------------------------------------
Finished IO Insertion : Time (s): cpu = 00:00:29 ; elapsed = 00:00:29 . Memory (MB): peak = 1528.039 ; gain = 577.801
---------------------------------------------------------------------------------
---------------------------------------------------------------------------------
Start Renaming Generated Instances
---------------------------------------------------------------------------------
---------------------------------------------------------------------------------
Finished Renaming Generated Instances : Time (s): cpu = 00:00:29 ; elapsed = 00:00:29 . Memory (MB): peak = 1528.039 ; gain = 577.801
---------------------------------------------------------------------------------
---------------------------------------------------------------------------------
Start Rebuilding User Hierarchy
---------------------------------------------------------------------------------
---------------------------------------------------------------------------------
Finished Rebuilding User Hierarchy : Time (s): cpu = 00:00:29 ; elapsed = 00:00:30 . Memory (MB): peak = 1528.039 ; gain = 577.801
---------------------------------------------------------------------------------
---------------------------------------------------------------------------------
Start Renaming Generated Ports
---------------------------------------------------------------------------------
---------------------------------------------------------------------------------
Finished Renaming Generated Ports : Time (s): cpu = 00:00:29 ; elapsed = 00:00:30 . Memory (MB): peak = 1528.039 ; gain = 577.801
---------------------------------------------------------------------------------
---------------------------------------------------------------------------------
Start Handling Custom Attributes
---------------------------------------------------------------------------------
---------------------------------------------------------------------------------
Finished Handling Custom Attributes : Time (s): cpu = 00:00:29 ; elapsed = 00:00:30 . Memory (MB): peak = 1528.039 ; gain = 577.801
---------------------------------------------------------------------------------
---------------------------------------------------------------------------------
Start Renaming Generated Nets
---------------------------------------------------------------------------------
---------------------------------------------------------------------------------
Finished Renaming Generated Nets : Time (s): cpu = 00:00:29 ; elapsed = 00:00:30 . Memory (MB): peak = 1528.039 ; gain = 577.801
---------------------------------------------------------------------------------
---------------------------------------------------------------------------------
Start Writing Synthesis Report
---------------------------------------------------------------------------------

Report BlackBoxes: 
+------+----------------------------------+----------+
|      |BlackBox name                     |Instances |
+------+----------------------------------+----------+
|1     |swLEDcounter_xbar_1               |         1|
|2     |swLEDcounter_axi_gpio_0_2         |         1|
|3     |swLEDcounter_axi_gpio_0_3         |         1|
|4     |swLEDcounter_clk_wiz_0_0          |         1|
|5     |swLEDcounter_mdm_1_0              |         1|
|6     |swLEDcounter_microblaze_0_0       |         1|
|7     |swLEDcounter_rst_clk_wiz_0_100M_0 |         1|
|8     |swLEDcounter_dlmb_bram_if_cntlr_0 |         1|
|9     |swLEDcounter_dlmb_v10_0           |         1|
|10    |swLEDcounter_ilmb_bram_if_cntlr_0 |         1|
|11    |swLEDcounter_ilmb_v10_0           |         1|
|12    |swLEDcounter_lmb_bram_0           |         1|
+------+----------------------------------+----------+

Report Cell Usage: 
+------+--------------------------------+------+
|      |Cell                            |Count |
+------+--------------------------------+------+
|1     |swLEDcounter_axi_gpio_0         |     2|
|3     |swLEDcounter_clk_wiz_0          |     1|
|4     |swLEDcounter_dlmb_bram_if_cntlr |     1|
|5     |swLEDcounter_dlmb_v10           |     1|
|6     |swLEDcounter_ilmb_bram_if_cntlr |     1|
|7     |swLEDcounter_ilmb_v10           |     1|
|8     |swLEDcounter_lmb_bram           |     1|
|9     |swLEDcounter_mdm_1              |     1|
|10    |swLEDcounter_microblaze_0       |     1|
|11    |swLEDcounter_rst_clk_wiz_0_100M |     1|
|12    |swLEDcounter_xbar               |     1|
|13    |IBUF                            |    17|
|14    |OBUF                            |    28|
+------+--------------------------------+------+
---------------------------------------------------------------------------------
Finished Writing Synthesis Report : Time (s): cpu = 00:00:29 ; elapsed = 00:00:30 . Memory (MB): peak = 1528.039 ; gain = 577.801
---------------------------------------------------------------------------------
Synthesis finished with 0 errors, 0 critical warnings and 7 warnings.
Synthesis Optimization Runtime : Time (s): cpu = 00:00:19 ; elapsed = 00:00:27 . Memory (MB): peak = 1528.039 ; gain = 553.609
Synthesis Optimization Complete : Time (s): cpu = 00:00:29 ; elapsed = 00:00:30 . Memory (MB): peak = 1528.039 ; gain = 577.801
INFO: [Project 1-571] Translating synthesized netlist
Netlist sorting complete. Time (s): cpu = 00:00:00 ; elapsed = 00:00:00.025 . Memory (MB): peak = 1528.039 ; gain = 0.000
INFO: [Project 1-570] Preparing netlist for logic optimization
INFO: [Opt 31-138] Pushed 0 inverter(s) to 0 load pin(s).
Netlist sorting complete. Time (s): cpu = 00:00:00 ; elapsed = 00:00:00 . Memory (MB): peak = 1530.305 ; gain = 0.000
INFO: [Project 1-111] Unisim Transformation Summary:
No Unisim elements were transformed.

The system cannot find the path specified.
Synth Design complete | Checksum: 4b7d788
INFO: [Common 17-83] Releasing license: Synthesis
59 Infos, 45 Warnings, 43 Critical Warnings and 0 Errors encountered.
synth_design completed successfully
synth_design: Time (s): cpu = 00:00:33 ; elapsed = 00:00:35 . Memory (MB): peak = 1530.305 ; gain = 970.582
INFO: [runtcl-6] Synthesis results are not added to the cache due to CRITICAL_WARNING
Write ShapeDB Complete: Time (s): cpu = 00:00:00 ; elapsed = 00:00:00.001 . Memory (MB): peak = 1530.305 ; gain = 0.000
INFO: [Common 17-1381] The checkpoint 'C:/Users/mkolb/Documents/Github/Basys3/project_1/project_1.runs/synth_1/swLEDcounter_wrapper.dcp' has been generated.
INFO: [runtcl-4] Executing : report_utilization -file swLEDcounter_wrapper_utilization_synth.rpt -pb swLEDcounter_wrapper_utilization_synth.pb
INFO: [Common 17-206] Exiting Vivado at Sun Dec 17 00:01:57 2023...
