Copyright 1986-2022 Xilinx, Inc. All Rights Reserved. Copyright 2022-2023 Advanced Micro Devices, Inc. All Rights Reserved.
---------------------------------------------------------------------------------------------------------------------------------------------
| Tool Version : Vivado v.2023.2 (win64) Build 4029153 Fri Oct 13 20:14:34 MDT 2023
| Date         : Sun Dec 17 00:06:08 2023
| Host         : DESKTOP-S7KVEL9 running 64-bit major release  (build 9200)
| Command      : report_control_sets -verbose -file swLEDcounter_wrapper_control_sets_placed.rpt
| Design       : swLEDcounter_wrapper
| Device       : xc7a35t
---------------------------------------------------------------------------------------------------------------------------------------------

Control Set Information

Table of Contents
-----------------
1. Summary
2. Histogram
3. Flip-Flop Distribution
4. Detailed Control Set Information

1. Summary
----------

+----------------------------------------------------------+-------+
|                          Status                          | Count |
+----------------------------------------------------------+-------+
| Total control sets                                       |    64 |
|    Minimum number of control sets                        |    64 |
|    Addition due to synthesis replication                 |     0 |
|    Addition due to physical synthesis replication        |     0 |
| Unused register locations in slices containing registers |   171 |
+----------------------------------------------------------+-------+
* Control sets can be merged at opt_design using control_set_merge or merge_equivalent_drivers
** Run report_qor_suggestions for automated merging and remapping suggestions


2. Histogram
------------

+--------------------+-------+
|       Fanout       | Count |
+--------------------+-------+
| Total control sets |    64 |
| >= 0 to < 4        |    10 |
| >= 4 to < 6        |     8 |
| >= 6 to < 8        |     4 |
| >= 8 to < 10       |     7 |
| >= 10 to < 12      |     2 |
| >= 12 to < 14      |     0 |
| >= 14 to < 16      |     0 |
| >= 16              |    33 |
+--------------------+-------+
* Control sets can be remapped at either synth_design or opt_design


3. Flip-Flop Distribution
-------------------------

+--------------+-----------------------+------------------------+-----------------+--------------+
| Clock Enable | Synchronous Set/Reset | Asynchronous Set/Reset | Total Registers | Total Slices |
+--------------+-----------------------+------------------------+-----------------+--------------+
| No           | No                    | No                     |             285 |          102 |
| No           | No                    | Yes                    |              29 |            7 |
| No           | Yes                   | No                     |             365 |          129 |
| Yes          | No                    | No                     |             200 |           51 |
| Yes          | No                    | Yes                    |              15 |            8 |
| Yes          | Yes                   | No                     |             711 |          215 |
+--------------+-----------------------+------------------------+-----------------+--------------+


4. Detailed Control Set Information
-----------------------------------

+----------------------------------------------------------------+-------------------------------------------------------------------------------------------------------------------------------------------------------------------------------------------------------------+----------------------------------------------------------------------------------------------------------------------------------------------------+------------------+----------------+--------------+
|                          Clock Signal                          |                                                                                                Enable Signal                                                                                                |                                                                  Set/Reset Signal                                                                  | Slice Load Count | Bel Load Count | Bels / Slice |
+----------------------------------------------------------------+-------------------------------------------------------------------------------------------------------------------------------------------------------------------------------------------------------------+----------------------------------------------------------------------------------------------------------------------------------------------------+------------------+----------------+--------------+
|  swLEDcounter_i/mdm_1/U0/Use_E2.BSCAN_I/Dbg_Update_0_BUFG      | swLEDcounter_i/microblaze_0/U0/MicroBlaze_Core_I/Performance.Core/Use_Debug_Logic.Master_Core.Debug_Perf/Control_Reg_En                                                                                     | swLEDcounter_i/microblaze_0/U0/MicroBlaze_Core_I/Performance.Core/Use_Debug_Logic.Master_Core.Debug_Perf/start_single_step_reg_n_0                 |                1 |              1 |         1.00 |
|  swLEDcounter_i/mdm_1/U0/Use_E2.BSCAN_I/Dbg_Update_0_BUFG      | swLEDcounter_i/microblaze_0/U0/MicroBlaze_Core_I/Performance.Core/Use_Debug_Logic.Master_Core.Debug_Perf/Control_Reg_En                                                                                     | swLEDcounter_i/microblaze_0/U0/MicroBlaze_Core_I/Performance.Core/Use_Debug_Logic.Master_Core.Debug_Perf/Serial_Dbg_Intf.continue_from_brk_reg_n_0 |                1 |              1 |         1.00 |
| ~swLEDcounter_i/mdm_1/U0/No_Dbg_Reg_Access.BUFG_DRCK/Dbg_Clk_0 | swLEDcounter_i/mdm_1/U0/MDM_Core_I1/JTAG_CONTROL_I/Use_BSCAN.FDC_I/CE                                                                                                                                       | swLEDcounter_i/mdm_1/U0/MDM_Core_I1/JTAG_CONTROL_I/Use_BSCAN.FDC_I/D                                                                               |                1 |              1 |         1.00 |
|  swLEDcounter_i/mdm_1/U0/Use_E2.BSCAN_I/Dbg_Update_0_BUFG      | swLEDcounter_i/microblaze_0/U0/MicroBlaze_Core_I/Performance.Core/Use_Debug_Logic.Master_Core.Debug_Perf/Control_Reg_En                                                                                     | swLEDcounter_i/microblaze_0/U0/MicroBlaze_Core_I/Performance.Core/Use_Debug_Logic.Master_Core.Debug_Perf/Serial_Dbg_Intf.force_stop_cmd_i_reg_0    |                1 |              1 |         1.00 |
|  swLEDcounter_i/mdm_1/U0/Use_E2.BSCAN_I/Dbg_Update_0_BUFG      | swLEDcounter_i/microblaze_0/U0/MicroBlaze_Core_I/Performance.Core/Use_Debug_Logic.Master_Core.Debug_Perf/Control_Reg_En                                                                                     | swLEDcounter_i/microblaze_0/U0/MicroBlaze_Core_I/Performance.Core/Use_Debug_Logic.Master_Core.Debug_Perf/Serial_Dbg_Intf.normal_stop_cmd_i_reg_n_0 |                1 |              1 |         1.00 |
|  swLEDcounter_i/mdm_1/U0/No_Dbg_Reg_Access.BUFG_DRCK/Dbg_Clk_0 | swLEDcounter_i/mdm_1/U0/Use_E2.BSCAN_I/Use_E2.BSCANE2_I_0                                                                                                                                                   | swLEDcounter_i/mdm_1/U0/MDM_Core_I1/JTAG_CONTROL_I/Functional_Reset                                                                                |                1 |              1 |         1.00 |
|  swLEDcounter_i/clk_wiz_0/inst/clk_out1                        |                                                                                                                                                                                                             | swLEDcounter_i/microblaze_0/U0/MicroBlaze_Core_I/Performance.Core/Use_Debug_Logic.Master_Core.Debug_Perf/Serial_Dbg_Intf.capture_1                 |                1 |              1 |         1.00 |
| ~swLEDcounter_i/mdm_1/U0/Use_E2.BSCAN_I/Dbg_Update_0_BUFG      |                                                                                                                                                                                                             | swLEDcounter_i/mdm_1/U0/MDM_Core_I1/JTAG_CONTROL_I/sel_n                                                                                           |                1 |              1 |         1.00 |
|  swLEDcounter_i/mdm_1/U0/Use_E2.BSCAN_I/Dbg_Update_0_BUFG      | swLEDcounter_i/microblaze_0/U0/MicroBlaze_Core_I/Performance.Core/Use_Debug_Logic.Master_Core.Debug_Perf/Command_Reg_En                                                                                     | swLEDcounter_i/microblaze_0/U0/MicroBlaze_Core_I/Performance.Core/Use_Debug_Logic.Master_Core.Debug_Perf/command_reg_clear                         |                1 |              2 |         2.00 |
|  swLEDcounter_i/mdm_1/U0/Use_E2.BSCAN_I/Dbg_Update_0_BUFG      |                                                                                                                                                                                                             |                                                                                                                                                    |                3 |              3 |         1.00 |
|  swLEDcounter_i/mdm_1/U0/Use_E2.BSCAN_I/Dbg_Update_0_BUFG      | swLEDcounter_i/mdm_1/U0/MDM_Core_I1/Use_BSCAN.MDM_SEL                                                                                                                                                       | swLEDcounter_i/mdm_1/U0/Use_E2.BSCAN_I/AR[0]                                                                                                       |                1 |              4 |         4.00 |
|  swLEDcounter_i/mdm_1/U0/Use_E2.BSCAN_I/Dbg_Update_0_BUFG      | swLEDcounter_i/microblaze_0/U0/MicroBlaze_Core_I/Performance.Core/Use_Debug_Logic.Master_Core.Debug_Perf/Control_Reg_En                                                                                     |                                                                                                                                                    |                3 |              4 |         1.33 |
| ~swLEDcounter_i/mdm_1/U0/Use_E2.BSCAN_I/Dbg_Update_0_BUFG      |                                                                                                                                                                                                             | swLEDcounter_i/mdm_1/U0/Use_E2.BSCAN_I/AR[0]                                                                                                       |                1 |              4 |         4.00 |
|  swLEDcounter_i/mdm_1/U0/No_Dbg_Reg_Access.BUFG_DRCK/Dbg_Clk_0 | swLEDcounter_i/mdm_1/U0/MDM_Core_I1/Use_BSCAN.TDI_Shifter0                                                                                                                                                  | swLEDcounter_i/mdm_1/U0/Use_E2.BSCAN_I/AR[0]                                                                                                       |                1 |              4 |         4.00 |
|  swLEDcounter_i/clk_wiz_0/inst/clk_out1                        |                                                                                                                                                                                                             | swLEDcounter_i/axi_gpio_led/U0/AXI_LITE_IPIF_I/I_SLAVE_ATTACHMENT/clear                                                                            |                1 |              4 |         4.00 |
|  swLEDcounter_i/clk_wiz_0/inst/clk_out1                        |                                                                                                                                                                                                             | swLEDcounter_i/axi_gpio_switch/U0/AXI_LITE_IPIF_I/I_SLAVE_ATTACHMENT/clear                                                                         |                1 |              4 |         4.00 |
|  swLEDcounter_i/clk_wiz_0/inst/clk_out1                        | swLEDcounter_i/microblaze_0/U0/MicroBlaze_Core_I/Performance.Core/Decode_I/wb_Halted                                                                                                                        | swLEDcounter_i/microblaze_0/U0/MicroBlaze_Core_I/sync_reset                                                                                        |                1 |              5 |         5.00 |
|  swLEDcounter_i/clk_wiz_0/inst/clk_out1                        |                                                                                                                                                                                                             | swLEDcounter_i/rst_clk_wiz_0_100M/U0/EXT_LPF/lpf_int                                                                                               |                3 |              5 |         1.67 |
|  swLEDcounter_i/mdm_1/U0/No_Dbg_Reg_Access.BUFG_DRCK/Dbg_Clk_0 | swLEDcounter_i/mdm_1/U0/MDM_Core_I1/JTAG_CONTROL_I/Use_BSCAN.FDC_I/sample_1                                                                                                                                 |                                                                                                                                                    |                1 |              6 |         6.00 |
|  swLEDcounter_i/mdm_1/U0/No_Dbg_Reg_Access.BUFG_DRCK/Dbg_Clk_0 | swLEDcounter_i/mdm_1/U0/Use_E2.BSCAN_I/sel                                                                                                                                                                  |                                                                                                                                                    |                2 |              6 |         3.00 |
|  swLEDcounter_i/mdm_1/U0/No_Dbg_Reg_Access.BUFG_DRCK/Dbg_Clk_0 | swLEDcounter_i/mdm_1/U0/Use_E2.BSCAN_I/Use_E2.BSCANE2_I_2                                                                                                                                                   |                                                                                                                                                    |                1 |              6 |         6.00 |
|  swLEDcounter_i/clk_wiz_0/inst/clk_out1                        | swLEDcounter_i/rst_clk_wiz_0_100M/U0/SEQ/seq_cnt_en                                                                                                                                                         | swLEDcounter_i/rst_clk_wiz_0_100M/U0/SEQ/SEQ_COUNTER/clear                                                                                         |                1 |              6 |         6.00 |
|  swLEDcounter_i/clk_wiz_0/inst/clk_out1                        | swLEDcounter_i/axi_gpio_switch/U0/AXI_LITE_IPIF_I/I_SLAVE_ATTACHMENT/I_DECODER/bus2ip_rnw_i_reg[0]                                                                                                          | swLEDcounter_i/axi_gpio_switch/U0/AXI_LITE_IPIF_I/I_SLAVE_ATTACHMENT/SR[0]                                                                         |                3 |              8 |         2.67 |
|  swLEDcounter_i/mdm_1/U0/No_Dbg_Reg_Access.BUFG_DRCK/Dbg_Clk_0 | swLEDcounter_i/mdm_1/U0/MDM_Core_I1/JTAG_CONTROL_I/tdi_shifter0                                                                                                                                             |                                                                                                                                                    |                2 |              8 |         4.00 |
|  swLEDcounter_i/clk_wiz_0/inst/clk_out1                        | swLEDcounter_i/axi_gpio_led/U0/AXI_LITE_IPIF_I/I_SLAVE_ATTACHMENT/bus2ip_addr_i[8]_i_1_n_0                                                                                                                  | swLEDcounter_i/axi_gpio_led/U0/AXI_LITE_IPIF_I/I_SLAVE_ATTACHMENT/SR[0]                                                                            |                2 |              8 |         4.00 |
| ~swLEDcounter_i/mdm_1/U0/Use_E2.BSCAN_I/Dbg_Update_0_BUFG      | swLEDcounter_i/mdm_1/U0/MDM_Core_I1/JTAG_CONTROL_I/Use_BSCAN.command[0]_i_1_n_0                                                                                                                             |                                                                                                                                                    |                2 |              8 |         4.00 |
|  swLEDcounter_i/mdm_1/U0/Use_E2.BSCAN_I/Dbg_Update_0_BUFG      | swLEDcounter_i/mdm_1/U0/MDM_Core_I1/JTAG_CONTROL_I/Use_BSCAN.FDC_I/command_10                                                                                                                               |                                                                                                                                                    |                1 |              8 |         8.00 |
|  swLEDcounter_i/mdm_1/U0/No_Dbg_Reg_Access.BUFG_DRCK/Dbg_Clk_0 | swLEDcounter_i/microblaze_0/U0/MicroBlaze_Core_I/Performance.Core/Use_Debug_Logic.Master_Core.Debug_Perf/Using_PC_Breakpoints.All_PC_Brks[0].Serial_Interface_1.address_hit_I/Compare[0].SRLC16E_I/which_pc |                                                                                                                                                    |                7 |              8 |         1.14 |
|  swLEDcounter_i/clk_wiz_0/inst/clk_out1                        | swLEDcounter_i/axi_gpio_switch/U0/AXI_LITE_IPIF_I/I_SLAVE_ATTACHMENT/bus2ip_addr_i[8]_i_1_n_0                                                                                                               | swLEDcounter_i/axi_gpio_switch/U0/AXI_LITE_IPIF_I/I_SLAVE_ATTACHMENT/SR[0]                                                                         |                1 |              8 |         8.00 |
|  swLEDcounter_i/mdm_1/U0/No_Dbg_Reg_Access.BUFG_DRCK/Dbg_Clk_0 | swLEDcounter_i/mdm_1/U0/MDM_Core_I1/JTAG_CONTROL_I/Use_BSCAN.FDC_I/Use_Serial_Unified_Completion.completion_block_reg                                                                                       |                                                                                                                                                    |                3 |             10 |         3.33 |
|  swLEDcounter_i/clk_wiz_0/inst/clk_out1                        |                                                                                                                                                                                                             | swLEDcounter_i/microblaze_0_axi_periph/xbar/inst/gen_sasd.crossbar_sasd_0/addr_arbiter_inst/SR[0]                                                  |                3 |             11 |         3.67 |
|  swLEDcounter_i/clk_wiz_0/inst/clk_out1                        | swLEDcounter_i/axi_gpio_switch/U0/AXI_LITE_IPIF_I/I_SLAVE_ATTACHMENT/I_DECODER/E[0]                                                                                                                         | swLEDcounter_i/axi_gpio_switch/U0/AXI_LITE_IPIF_I/I_SLAVE_ATTACHMENT/SR[0]                                                                         |                3 |             16 |         5.33 |
|  swLEDcounter_i/clk_wiz_0/inst/clk_out1                        | swLEDcounter_i/microblaze_0/U0/MicroBlaze_Core_I/Performance.Core/Decode_I/PreFetch_Buffer_I1/OF_Valid_DFF/E[0]                                                                                             | swLEDcounter_i/microblaze_0/U0/MicroBlaze_Core_I/sync_reset                                                                                        |                5 |             16 |         3.20 |
|  swLEDcounter_i/clk_wiz_0/inst/clk_out1                        | swLEDcounter_i/axi_gpio_led/U0/AXI_LITE_IPIF_I/I_SLAVE_ATTACHMENT/I_DECODER/MEM_DECODE_GEN[0].cs_out_i_reg[0]_1[0]                                                                                          | swLEDcounter_i/axi_gpio_led/U0/AXI_LITE_IPIF_I/I_SLAVE_ATTACHMENT/SR[0]                                                                            |                4 |             16 |         4.00 |
|  swLEDcounter_i/clk_wiz_0/inst/clk_out1                        | swLEDcounter_i/axi_gpio_led/U0/AXI_LITE_IPIF_I/I_SLAVE_ATTACHMENT/s_axi_rresp_i                                                                                                                             | swLEDcounter_i/axi_gpio_led/U0/AXI_LITE_IPIF_I/I_SLAVE_ATTACHMENT/SR[0]                                                                            |                4 |             18 |         4.50 |
|  swLEDcounter_i/clk_wiz_0/inst/clk_out1                        | swLEDcounter_i/axi_gpio_switch/U0/AXI_LITE_IPIF_I/I_SLAVE_ATTACHMENT/s_axi_rresp_i                                                                                                                          | swLEDcounter_i/axi_gpio_switch/U0/AXI_LITE_IPIF_I/I_SLAVE_ATTACHMENT/SR[0]                                                                         |                5 |             18 |         3.60 |
|  swLEDcounter_i/clk_wiz_0/inst/clk_out1                        | swLEDcounter_i/microblaze_0/U0/MicroBlaze_Core_I/Performance.Core/Decode_I/mem_wait_on_ready_N_carry_or/MUXCY_I/lopt_1                                                                                      | swLEDcounter_i/microblaze_0/U0/MicroBlaze_Core_I/sync_reset                                                                                        |                8 |             20 |         2.50 |
|  swLEDcounter_i/clk_wiz_0/inst/clk_out1                        |                                                                                                                                                                                                             | swLEDcounter_i/axi_gpio_switch/U0/AXI_LITE_IPIF_I/I_SLAVE_ATTACHMENT/I_DECODER/Read_Reg_Rst                                                        |                5 |             20 |         4.00 |
|  swLEDcounter_i/clk_wiz_0/inst/clk_out1                        | swLEDcounter_i/axi_gpio_led/U0/AXI_LITE_IPIF_I/I_SLAVE_ATTACHMENT/start2                                                                                                                                    | swLEDcounter_i/axi_gpio_led/U0/AXI_LITE_IPIF_I/I_SLAVE_ATTACHMENT/I_DECODER/cs_ce_clr                                                              |                4 |             21 |         5.25 |
|  swLEDcounter_i/clk_wiz_0/inst/clk_out1                        | swLEDcounter_i/axi_gpio_switch/U0/AXI_LITE_IPIF_I/I_SLAVE_ATTACHMENT/start2                                                                                                                                 | swLEDcounter_i/axi_gpio_switch/U0/AXI_LITE_IPIF_I/I_SLAVE_ATTACHMENT/I_DECODER/cs_ce_clr                                                           |                4 |             21 |         5.25 |
|  swLEDcounter_i/mdm_1/U0/No_Dbg_Reg_Access.BUFG_DRCK/Dbg_Clk_0 |                                                                                                                                                                                                             | swLEDcounter_i/mdm_1/U0/Use_E2.BSCAN_I/Use_E2.BSCANE2_I_4                                                                                          |                4 |             23 |         5.75 |
|  swLEDcounter_i/clk_wiz_0/inst/clk_out1                        | swLEDcounter_i/microblaze_0_axi_periph/xbar/inst/gen_sasd.crossbar_sasd_0/addr_arbiter_inst/p_0_in1_in                                                                                                      | swLEDcounter_i/microblaze_0_axi_periph/xbar/inst/gen_sasd.crossbar_sasd_0/addr_arbiter_inst/SR[0]                                                  |                5 |             23 |         4.60 |
|  swLEDcounter_i/clk_wiz_0/inst/clk_out1                        |                                                                                                                                                                                                             | swLEDcounter_i/axi_gpio_led/U0/AXI_LITE_IPIF_I/I_SLAVE_ATTACHMENT/I_DECODER/Read_Reg_Rst                                                           |                4 |             24 |         6.00 |
|  swLEDcounter_i/clk_wiz_0/inst/clk_out1                        | swLEDcounter_i/microblaze_0/U0/MicroBlaze_Core_I/Performance.Core/Decode_I/mem_wait_on_ready_N_carry_or/MUXCY_I/lopt_1                                                                                      |                                                                                                                                                    |                5 |             32 |         6.40 |
|  swLEDcounter_i/clk_wiz_0/inst/clk_out1                        | swLEDcounter_i/microblaze_0/U0/MicroBlaze_Core_I/Performance.Core/Decode_I/mem_wait_on_ready_N_carry_or/MUXCY_I/lopt_1                                                                                      | swLEDcounter_i/microblaze_0/U0/MicroBlaze_Core_I/Performance.Core/Decode_I/SR[0]                                                                   |               12 |             32 |         2.67 |
|  swLEDcounter_i/clk_wiz_0/inst/clk_out1                        | swLEDcounter_i/microblaze_0/U0/MicroBlaze_Core_I/Performance.Core/Decode_I/Use_MuxCy[3].OF_Piperun_Stage/MUXCY_I/Using_FPGA.Native_0                                                                        | swLEDcounter_i/microblaze_0/U0/MicroBlaze_Core_I/Performance.Core/Decode_I/R                                                                       |               13 |             32 |         2.46 |
|  swLEDcounter_i/clk_wiz_0/inst/clk_out1                        | swLEDcounter_i/microblaze_0/U0/MicroBlaze_Core_I/Performance.Core/Decode_I/Use_MuxCy[3].OF_Piperun_Stage/MUXCY_I/E[0]                                                                                       | swLEDcounter_i/microblaze_0/U0/MicroBlaze_Core_I/sync_reset                                                                                        |                6 |             32 |         5.33 |
|  swLEDcounter_i/clk_wiz_0/inst/clk_out1                        |                                                                                                                                                                                                             | swLEDcounter_i/microblaze_0/U0/MicroBlaze_Core_I/Performance.Core/wb_dlmb_valid_read_data0                                                         |               10 |             32 |         3.20 |
|  swLEDcounter_i/clk_wiz_0/inst/clk_out1                        | swLEDcounter_i/axi_gpio_led/U0/AXI_LITE_IPIF_I/I_SLAVE_ATTACHMENT/I_DECODER/E[0]                                                                                                                            | swLEDcounter_i/axi_gpio_led/U0/AXI_LITE_IPIF_I/I_SLAVE_ATTACHMENT/SR[0]                                                                            |               10 |             32 |         3.20 |
|  swLEDcounter_i/mdm_1/U0/No_Dbg_Reg_Access.BUFG_DRCK/Dbg_Clk_0 | swLEDcounter_i/microblaze_0/U0/MicroBlaze_Core_I/Performance.Core/Use_Debug_Logic.Master_Core.Debug_Perf/Serial_Dbg_Intf.New_Dbg_Instr_TCK                                                                  |                                                                                                                                                    |               10 |             32 |         3.20 |
|  swLEDcounter_i/clk_wiz_0/inst/clk_out1                        | swLEDcounter_i/microblaze_0/U0/MicroBlaze_Core_I/Performance.Core/Decode_I/PreFetch_Buffer_I1/Gen_Mux_Select_LUT6[1].Gen_Sel_DFF/if_fetch_in_progress_reg[0]                                                | swLEDcounter_i/microblaze_0/U0/MicroBlaze_Core_I/sync_reset                                                                                        |                6 |             32 |         5.33 |
|  swLEDcounter_i/clk_wiz_0/inst/clk_out1                        | swLEDcounter_i/microblaze_0_axi_periph/xbar/inst/gen_sasd.crossbar_sasd_0/addr_arbiter_inst/s_axi_rvalid[0]                                                                                                 | swLEDcounter_i/microblaze_0/U0/MicroBlaze_Core_I/sync_reset                                                                                        |                8 |             32 |         4.00 |
|  swLEDcounter_i/clk_wiz_0/inst/clk_out1                        | swLEDcounter_i/microblaze_0/U0/MicroBlaze_Core_I/Performance.Core/Use_Debug_Logic.Master_Core.Debug_Perf/data_rd_reg[0]_i_1_n_0                                                                             | swLEDcounter_i/microblaze_0/U0/MicroBlaze_Core_I/sync_reset                                                                                        |               10 |             32 |         3.20 |
|  swLEDcounter_i/clk_wiz_0/inst/clk_out1                        | swLEDcounter_i/microblaze_0_axi_periph/xbar/inst/gen_sasd.crossbar_sasd_0/addr_arbiter_inst/E[0]                                                                                                            |                                                                                                                                                    |                5 |             33 |         6.60 |
|  swLEDcounter_i/mdm_1/U0/No_Dbg_Reg_Access.BUFG_DRCK/Dbg_Clk_0 | swLEDcounter_i/mdm_1/U0/Use_E2.BSCAN_I/Use_E2.BSCANE2_I_0                                                                                                                                                   |                                                                                                                                                    |               16 |             47 |         2.94 |
|  swLEDcounter_i/clk_wiz_0/inst/clk_out1                        |                                                                                                                                                                                                             | swLEDcounter_i/axi_gpio_led/U0/AXI_LITE_IPIF_I/I_SLAVE_ATTACHMENT/SR[0]                                                                            |               17 |             48 |         2.82 |
|  swLEDcounter_i/clk_wiz_0/inst/clk_out1                        | swLEDcounter_i/microblaze_0/U0/MicroBlaze_Core_I/Performance.Core/Decode_I/Use_MuxCy[3].OF_Piperun_Stage/MUXCY_I/Using_FPGA.Native_0                                                                        | swLEDcounter_i/microblaze_0/U0/MicroBlaze_Core_I/sync_reset                                                                                        |               25 |             64 |         2.56 |
|  swLEDcounter_i/clk_wiz_0/inst/clk_out1                        |                                                                                                                                                                                                             | swLEDcounter_i/axi_gpio_switch/U0/AXI_LITE_IPIF_I/I_SLAVE_ATTACHMENT/SR[0]                                                                         |               20 |             67 |         3.35 |
|  swLEDcounter_i/clk_wiz_0/inst/clk_out1                        | swLEDcounter_i/microblaze_0/U0/MicroBlaze_Core_I/Performance.Core/Decode_I/PreFetch_Buffer_I1/Instruction_Prefetch_Mux[42].Instr_Mux_MUXF7/IReady_0                                                         |                                                                                                                                                    |               10 |             75 |         7.50 |
|  swLEDcounter_i/mdm_1/U0/No_Dbg_Reg_Access.BUFG_DRCK/Dbg_Clk_0 |                                                                                                                                                                                                             |                                                                                                                                                    |               27 |             80 |         2.96 |
|  swLEDcounter_i/clk_wiz_0/inst/clk_out1                        | swLEDcounter_i/microblaze_0/U0/MicroBlaze_Core_I/Performance.Core/Decode_I/WB_GPR_Wr                                                                                                                        |                                                                                                                                                    |               16 |            128 |         8.00 |
|  swLEDcounter_i/clk_wiz_0/inst/clk_out1                        |                                                                                                                                                                                                             | swLEDcounter_i/microblaze_0/U0/MicroBlaze_Core_I/sync_reset                                                                                        |               65 |            150 |         2.31 |
|  swLEDcounter_i/clk_wiz_0/inst/clk_out1                        | swLEDcounter_i/microblaze_0/U0/MicroBlaze_Core_I/Performance.Core/Decode_I/Use_MuxCy[11].OF_Piperun_Stage/MUXCY_I/Using_FPGA.Native_0                                                                       | swLEDcounter_i/microblaze_0/U0/MicroBlaze_Core_I/sync_reset                                                                                        |               74 |            218 |         2.95 |
|  swLEDcounter_i/clk_wiz_0/inst/clk_out1                        |                                                                                                                                                                                                             |                                                                                                                                                    |               75 |            219 |         2.92 |
+----------------------------------------------------------------+-------------------------------------------------------------------------------------------------------------------------------------------------------------------------------------------------------------+----------------------------------------------------------------------------------------------------------------------------------------------------+------------------+----------------+--------------+


